2025-06-17 16:55:54 - ui.video_page - INFO - 🚀 启动火灾探测系统
2025-06-17 16:55:54 - src.fire_detector - INFO - 火灾探测器初始化成功
2025-06-17 16:55:54 - ui.video_page - INFO - 加载检测模型： best_nano.pt
2025-06-17 16:55:54 - ui.video_page - INFO - 处理视频源: D:\DroneFlight\gen_fire.mp4
2025-06-17 16:55:56 - ui.video_page - WARNING - 🐦‍🔥 Fire 检测！排队警报
2025-06-17 16:56:02 - ui.video_page - INFO - ✅ 视频处理已完成
2025-06-17 16:56:02 - ui.video_page - INFO - 🛑 检测线程关闭完成
2025-06-18 20:18:46 - ui.map_page - INFO - 🔗 WebChannel连接已设置
2025-06-18 20:27:25 - ui.map_page - INFO - 🔗 WebChannel连接已设置
2025-06-18 20:27:25 - __main__ - INFO - 系统就绪
2025-06-18 21:03:43 - ui.map_page - INFO - 🔗 WebChannel连接已设置
2025-06-18 21:03:43 - __main__ - INFO - 系统就绪
2025-06-18 21:03:47 - __main__ - ERROR - 未找到可用串口
2025-06-18 21:12:35 - ui.map_page - INFO - 🔗 WebChannel连接已设置
2025-06-18 21:12:35 - __main__ - INFO - 系统就绪
2025-06-18 21:12:49 - __main__ - ERROR - 未找到可用串口
2025-06-18 21:12:58 - ui.drone - INFO - ✅ Drone收到新坐标: 标点1 -> (30.596991, 104.278278)
2025-06-18 21:12:58 - ui.drone - INFO - ✅ Drone收到新坐标: 标点2 -> (30.580145, 104.328747)
2025-06-18 21:13:07 - ui.drone - INFO - ✅ Drone收到新坐标: 标点3 -> (30.571573, 104.272099)
2025-06-18 21:13:15 - ui.drone - INFO - 🧹 Drone收到清除所有坐标
2025-06-18 21:13:17 - ui.drone - INFO - ✅ Drone收到新坐标: 标点1 -> (30.582865, 104.280408)
2025-06-18 21:13:18 - ui.drone - INFO - ✅ Drone收到新坐标: 标点2 -> (30.582828, 104.281218)
2025-06-18 21:13:19 - ui.drone - INFO - ✅ Drone收到新坐标: 标点3 -> (30.581784, 104.281175)
2025-06-18 21:13:20 - ui.drone - INFO - ✅ Drone收到新坐标: 标点4 -> (30.581793, 104.280349)
2025-06-18 21:13:49 - ui.drone - INFO - ✅ Drone收到新坐标: 标点5 -> (30.582809, 104.280397)
2025-06-18 21:13:59 - ui.drone - INFO - 🧹 Drone收到清除所有坐标
2025-06-18 21:14:08 - ui.drone - INFO - ✅ Drone收到新坐标: 标点1 -> (30.581877, 104.280419)
2025-06-18 21:14:09 - ui.drone - INFO - ✅ Drone收到新坐标: 标点2 -> (30.582796, 104.280435)
2025-06-18 21:14:10 - ui.drone - INFO - ✅ Drone收到新坐标: 标点3 -> (30.582763, 104.281138)
2025-06-18 21:14:12 - ui.drone - INFO - ✅ Drone收到新坐标: 标点4 -> (30.581840, 104.281111)
2025-06-18 21:22:19 - ui.map_page - INFO - 🔗 WebChannel连接已设置
2025-06-18 21:22:19 - __main__ - INFO - 系统就绪
2025-06-18 21:22:23 - ui.drone - INFO - ✅ Drone收到新坐标: 标点1 -> (30.597730, 104.271755)
2025-06-18 21:22:25 - ui.drone - INFO - ✅ Drone收到新坐标: 标点2 -> (30.581918, 104.307632)
2025-06-18 21:22:41 - ui.map_page - INFO - 🔗 WebChannel连接已设置
2025-06-18 21:22:41 - __main__ - INFO - 系统就绪
2025-06-18 21:22:44 - ui.drone - INFO - ✅ Drone收到新坐标: 标点1 -> (30.600094, 104.280338)
2025-06-18 21:22:53 - ui.drone - INFO - ✅ Drone收到新坐标: 标点2 -> (30.586943, 104.306602)
2025-06-18 21:22:54 - ui.drone - INFO - ✅ Drone收到新坐标: 标点3 -> (30.579701, 104.269524)
2025-06-18 21:22:55 - ui.drone - INFO - ✅ Drone收到新坐标: 标点4 -> (30.599503, 104.266605)
2025-06-18 21:22:56 - ui.drone - INFO - ✅ Drone收到新坐标: 标点5 -> (30.595218, 104.310379)
2025-06-18 21:24:27 - ui.map_page - INFO - 🔗 WebChannel连接已设置
2025-06-18 21:24:27 - __main__ - INFO - 系统就绪
2025-06-18 21:24:29 - ui.drone - INFO - ✅ Drone收到新坐标: 标点1 -> (30.600389, 104.273643)
2025-06-18 21:24:30 - ui.drone - INFO - ✅ Drone收到新坐标: 标点2 -> (30.580736, 104.320507)
2025-06-18 21:24:32 - ui.drone - INFO - ✅ Drone收到新坐标: 标点3 -> (30.576746, 104.278622)
2025-06-18 21:24:32 - ui.drone - INFO - ✅ Drone收到新坐标: 标点4 -> (30.587977, 104.270554)
2025-06-18 21:24:33 - ui.drone - INFO - 🗑️ Drone收到删除坐标: 标点4
2025-06-18 21:24:46 - ui.map_page - INFO - 🔗 WebChannel连接已设置
2025-06-18 21:24:46 - __main__ - INFO - 系统就绪
2025-06-18 21:24:48 - ui.drone - INFO - ✅ Drone收到新坐标: 标点1 -> (30.596400, 104.273987)
2025-06-18 21:24:49 - ui.drone - INFO - ✅ Drone收到新坐标: 标点2 -> (30.577780, 104.317417)
2025-06-18 21:24:49 - ui.drone - INFO - ✅ Drone收到新坐标: 标点3 -> (30.579258, 104.271240)
2025-06-18 21:24:51 - ui.drone - INFO - 🧹 Drone收到清除所有坐标
2025-06-18 21:24:52 - ui.drone - INFO - ✅ Drone收到新坐标: 标点1 -> (30.595513, 104.276733)
2025-06-18 21:24:53 - ui.drone - INFO - ✅ Drone收到新坐标: 标点2 -> (30.584874, 104.313812)
2025-06-18 21:24:53 - ui.drone - INFO - ✅ Drone收到新坐标: 标点3 -> (30.577632, 104.285488)
2025-06-18 21:24:54 - ui.drone - INFO - ✅ Drone收到新坐标: 标点4 -> (30.581623, 104.269524)
2025-06-18 21:24:55 - ui.drone - INFO - 🗑️ Drone收到删除坐标: 标点4
2025-06-18 21:25:27 - ui.map_page - INFO - 🔗 WebChannel连接已设置
2025-06-18 21:25:27 - __main__ - INFO - 系统就绪
2025-06-18 21:25:28 - ui.drone - INFO - ✅ Drone收到新坐标: 标点1 -> (30.597730, 104.277420)
2025-06-18 21:25:29 - ui.drone - INFO - ✅ Drone收到新坐标: 标点2 -> (30.584135, 104.319305)
2025-06-18 21:25:30 - ui.drone - INFO - ✅ Drone收到新坐标: 标点3 -> (30.573199, 104.332180)
2025-06-18 21:25:30 - ui.drone - INFO - ✅ Drone收到新坐标: 标点4 -> (30.572312, 104.288921)
2025-06-18 21:25:30 - ui.drone - INFO - ✅ Drone收到新坐标: 标点5 -> (30.579110, 104.269867)
2025-06-18 21:25:31 - ui.drone - INFO - 🗑️ Drone收到删除坐标: 标点5
2025-06-18 21:25:47 - ui.map_page - INFO - 🔗 WebChannel连接已设置
2025-06-18 21:25:47 - __main__ - INFO - 系统就绪
2025-06-18 21:25:49 - ui.drone - INFO - ✅ Drone收到新坐标: 标点1 -> (30.600537, 104.276218)
2025-06-18 21:25:50 - ui.drone - INFO - ✅ Drone收到新坐标: 标点2 -> (30.588125, 104.309521)
2025-06-18 21:25:50 - ui.drone - INFO - ✅ Drone收到新坐标: 标点3 -> (30.574824, 104.305229)
2025-06-18 21:25:50 - ui.drone - INFO - ✅ Drone收到新坐标: 标点4 -> (30.580293, 104.266777)
2025-06-18 21:25:51 - ui.drone - INFO - ✅ Drone收到新坐标: 标点5 -> (30.590341, 104.272442)
2025-06-18 21:25:51 - ui.drone - INFO - ✅ Drone收到新坐标: 标点6 -> (30.599060, 104.301968)
2025-06-18 21:25:52 - ui.drone - INFO - 🗑️ Drone收到删除坐标: 标点6
2025-06-18 21:25:52 - ui.drone - INFO - 🗑️ Drone收到删除坐标: 标点5
2025-06-18 21:25:53 - ui.drone - INFO - 🗑️ Drone收到删除坐标: 标点4
2025-06-18 21:25:53 - ui.drone - INFO - 🗑️ Drone收到删除坐标: 标点3
2025-06-18 21:25:54 - ui.drone - INFO - 🗑️ Drone收到删除坐标: 标点2
2025-06-18 21:25:55 - ui.drone - INFO - 🧹 Drone收到清除所有坐标
2025-06-18 21:25:56 - ui.drone - INFO - ✅ Drone收到新坐标: 标点1 -> (30.600980, 104.267292)
2025-06-18 21:25:56 - ui.drone - INFO - ✅ Drone收到新坐标: 标点2 -> (30.585613, 104.308662)
2025-06-18 21:25:57 - ui.drone - INFO - ✅ Drone收到新坐标: 标点3 -> (30.577337, 104.282742)
2025-06-18 21:25:57 - ui.drone - INFO - ✅ Drone收到新坐标: 标点4 -> (30.584726, 104.260082)
2025-06-18 21:27:33 - ui.map_page - INFO - 🔗 WebChannel连接已设置
2025-06-18 21:27:33 - __main__ - INFO - 系统就绪
2025-06-18 21:27:35 - ui.drone - INFO - ✅ Drone收到新坐标: 标点1 -> (30.597139, 104.269695)
2025-06-18 21:27:36 - ui.drone - INFO - ✅ Drone收到新坐标: 标点2 -> (30.583692, 104.309349)
2025-06-18 21:27:36 - ui.drone - INFO - ✅ Drone收到新坐标: 标点3 -> (30.574085, 104.332867)
2025-06-18 21:27:37 - ui.drone - INFO - 🗑️ Drone收到删除坐标: 标点3
2025-06-18 21:28:05 - ui.map_page - INFO - 🔗 WebChannel连接已设置
2025-06-18 21:28:05 - __main__ - INFO - 系统就绪
2025-06-18 21:28:07 - ui.drone - INFO - ✅ Drone收到新坐标: 标点1 -> (30.597878, 104.266605)
2025-06-18 21:28:07 - ui.drone - INFO - ✅ Drone收到新坐标: 标点2 -> (30.587829, 104.307804)
2025-06-18 21:28:08 - ui.drone - INFO - ✅ Drone收到新坐标: 标点3 -> (30.577041, 104.312954)
2025-06-18 21:28:08 - ui.drone - INFO - 🗑️ Drone收到删除坐标: 标点3
2025-06-18 21:28:10 - ui.drone - INFO - ✅ Drone收到新坐标: 标点3 -> (30.576746, 104.288235)
2025-06-18 21:28:10 - ui.drone - INFO - ✅ Drone收到新坐标: 标点4 -> (30.571277, 104.312096)
2025-06-18 21:28:11 - ui.drone - INFO - 🗑️ Drone收到删除坐标: 标点4
2025-06-18 21:28:11 - ui.drone - INFO - 🗑️ Drone收到删除坐标: 标点3
2025-06-18 21:28:12 - ui.drone - INFO - 🗑️ Drone收到删除坐标: 标点2
2025-06-18 21:28:12 - ui.drone - INFO - ✅ Drone收到新坐标: 标点2 -> (30.578076, 104.325829)
2025-06-18 21:28:13 - ui.drone - INFO - ✅ Drone收到新坐标: 标点3 -> (30.577337, 104.283600)
2025-06-18 21:28:13 - ui.drone - INFO - ✅ Drone收到新坐标: 标点4 -> (30.577337, 104.259224)
2025-06-18 21:31:55 - ui.map_page - INFO - 🔗 WebChannel连接已设置
2025-06-18 21:31:55 - __main__ - INFO - 系统就绪
2025-06-18 21:31:57 - ui.drone - INFO - ✅ Drone收到新坐标: 标点1 -> (30.600094, 104.268837)
2025-06-18 21:31:57 - ui.drone - INFO - ✅ Drone收到新坐标: 标点2 -> (30.584430, 104.313126)
2025-06-18 21:31:58 - ui.drone - INFO - ✅ Drone收到新坐标: 标点3 -> (30.576302, 104.290466)
2025-06-18 21:31:58 - ui.drone - INFO - ✅ Drone收到新坐标: 标点4 -> (30.581179, 104.268322)
2025-06-18 21:31:59 - ui.drone - INFO - ✅ Drone收到新坐标: 标点5 -> (30.587682, 104.266777)
2025-06-18 21:31:59 - ui.drone - INFO - ✅ Drone收到新坐标: 标点6 -> (30.593149, 104.286346)
2025-06-18 21:31:59 - ui.drone - INFO - ✅ Drone收到新坐标: 标点7 -> (30.598912, 104.298363)
2025-06-18 21:32:00 - ui.drone - INFO - ✅ Drone收到新坐标: 标点8 -> (30.590341, 104.324455)
2025-06-18 21:32:00 - ui.drone - INFO - ✅ Drone收到新坐标: 标点9 -> (30.572016, 104.327888)
2025-06-18 21:32:00 - ui.drone - INFO - ✅ Drone收到新坐标: 标点10 -> (30.571573, 104.308834)
2025-06-18 21:32:01 - ui.drone - INFO - ✅ Drone收到新坐标: 标点11 -> (30.571573, 104.278965)
2025-06-18 21:32:01 - ui.drone - INFO - ✅ Drone收到新坐标: 标点12 -> (30.573642, 104.263515)
2025-06-18 21:35:56 - ui.map_page - INFO - 🔗 WebChannel连接已设置
2025-06-18 21:35:56 - __main__ - INFO - 系统就绪
2025-06-18 21:54:48 - ui.map_page - INFO - 🔗 WebChannel连接已设置
2025-06-18 21:54:48 - __main__ - INFO - 系统就绪
2025-06-18 21:55:06 - ui.drone - INFO - ✅ Drone收到新坐标: 标点1 -> (30.582657, 104.228153)
2025-06-18 21:55:07 - ui.drone - INFO - ✅ Drone收到新坐标: 标点2 -> (30.570243, 104.271927)
2025-06-18 21:55:07 - ui.drone - INFO - ✅ Drone收到新坐标: 标点3 -> (30.556053, 104.275017)
2025-06-18 21:55:07 - ui.drone - INFO - ✅ Drone收到新坐标: 标点4 -> (30.552357, 104.235535)
2025-06-18 21:55:08 - ui.drone - INFO - ✅ Drone收到新坐标: 标点5 -> (30.563296, 104.212875)
2025-06-18 21:55:08 - ui.drone - INFO - ✅ Drone收到新坐标: 标点6 -> (30.566843, 104.234676)
2025-06-18 21:55:22 - ui.drone - INFO - ✅ Drone收到新坐标: 标点7 -> (30.520864, 104.252186)
2025-06-19 15:24:00 - ui.map_page - INFO - 🔗 WebChannel连接已设置
2025-06-19 15:24:00 - __main__ - INFO - 系统就绪
2025-06-19 15:26:02 - ui.drone - INFO - ✅ Drone收到新坐标: 标点1 -> (30.688707, 104.067307)
2025-06-19 15:26:03 - ui.drone - INFO - ✅ Drone收到新坐标: 标点2 -> (30.624914, 104.155197)
2025-06-19 15:26:04 - ui.drone - INFO - ✅ Drone收到新坐标: 标点3 -> (30.594775, 104.079666)
2025-06-19 15:26:04 - ui.drone - INFO - ✅ Drone收到新坐标: 标点4 -> (30.601276, 104.002762)
2025-06-19 15:26:05 - ui.drone - INFO - ✅ Drone收到新坐标: 标点5 -> (30.652681, 104.020615)
2025-06-19 15:26:06 - ui.drone - INFO - ✅ Drone收到新坐标: 标点6 -> (30.670991, 104.127045)
2025-06-19 15:26:39 - ui.drone - INFO - ✅ Drone收到新坐标: 标点7 -> (30.563443, 104.144897)
2025-06-19 15:26:40 - ui.drone - INFO - ✅ Drone收到新坐标: 标点8 -> (30.562852, 104.038467)
2025-06-19 15:26:40 - ui.drone - INFO - ✅ Drone收到新坐标: 标点9 -> (30.626095, 104.058380)
2025-06-19 15:26:41 - ui.drone - INFO - ✅ Drone收到新坐标: 标点10 -> (30.685164, 104.041214)
2025-06-19 15:26:42 - ui.drone - INFO - ✅ Drone收到新坐标: 标点11 -> (30.696383, 104.119492)
2025-06-19 15:26:57 - ui.drone - INFO - ✅ Drone收到新坐标: 标点12 -> (30.588864, 104.174423)
2025-06-19 15:26:58 - ui.drone - INFO - ✅ Drone收到新坐标: 标点13 -> (30.547478, 104.061813)
2025-06-19 15:26:59 - ui.drone - INFO - ✅ Drone收到新坐标: 标点14 -> (30.575859, 104.018555)
2025-06-19 15:38:49 - ui.map_page - INFO - 🔗 WebChannel连接已设置
2025-06-19 15:38:49 - __main__ - INFO - 系统就绪
2025-06-19 16:15:45 - ui.map_page - INFO - 🔗 WebChannel连接已设置
2025-06-19 16:15:45 - __main__ - INFO - 系统就绪
2025-06-19 16:19:47 - ui.map_page - INFO - 🔗 WebChannel连接已设置
2025-06-19 16:19:47 - __main__ - INFO - 系统就绪
2025-06-19 16:23:18 - ui.map_page - INFO - 🔗 WebChannel连接已设置
2025-06-19 16:23:18 - __main__ - INFO - 系统就绪
2025-06-19 16:40:14 - ui.map_page - INFO - 🔗 WebChannel连接已设置
2025-06-19 16:40:14 - __main__ - INFO - 系统就绪
2025-06-19 16:42:32 - ui.map_page - INFO - 🔗 WebChannel连接已设置
2025-06-19 16:42:32 - __main__ - INFO - 系统就绪
2025-06-19 16:43:08 - ui.map_page - INFO - 🔗 WebChannel连接已设置
2025-06-19 16:43:08 - __main__ - INFO - 系统就绪
2025-06-19 16:45:59 - ui.map_page - INFO - 🔗 WebChannel连接已设置
2025-06-19 16:45:59 - __main__ - INFO - 系统就绪
2025-06-19 16:49:18 - ui.map_page - INFO - 🔗 WebChannel连接已设置
2025-06-19 16:49:18 - __main__ - INFO - 系统就绪
2025-06-19 16:56:11 - ui.map_page - INFO - 🔗 WebChannel连接已设置
2025-06-19 16:56:11 - __main__ - INFO - 系统就绪
2025-06-19 17:00:09 - ui.map_page - INFO - 🔗 WebChannel连接已设置
2025-06-19 17:00:09 - __main__ - INFO - 系统就绪
2025-06-19 17:01:12 - ui.map_page - INFO - 🔗 WebChannel连接已设置
2025-06-19 17:01:12 - __main__ - INFO - 系统就绪
2025-06-19 17:03:13 - ui.map_page - INFO - 🔗 WebChannel连接已设置
2025-06-19 17:03:13 - __main__ - INFO - 系统就绪
2025-06-19 17:07:55 - ui.map_page - INFO - 🔗 WebChannel连接已设置
2025-06-19 17:07:55 - __main__ - INFO - 系统就绪
2025-06-19 17:08:13 - ui.map_page - INFO - 🔗 WebChannel连接已设置
2025-06-19 17:08:13 - __main__ - INFO - 系统就绪
2025-06-19 17:15:29 - ui.map_page - INFO - 🔗 WebChannel连接已设置
2025-06-19 17:15:29 - __main__ - INFO - 系统就绪
2025-06-19 18:18:22 - ui.map_page - INFO - 🔗 WebChannel连接已设置
2025-06-19 18:18:22 - __main__ - INFO - 系统就绪
2025-06-19 18:18:34 - ui.drone - INFO - ✅ Drone收到新坐标: 标点1 -> (30.604822, 104.300079)
2025-06-19 18:18:35 - ui.drone - INFO - ✅ Drone收到新坐标: 标点2 -> (30.588568, 104.315357)
2025-06-19 18:18:36 - ui.drone - INFO - ✅ Drone收到新坐标: 标点3 -> (30.583248, 104.291153)
2025-06-19 18:18:37 - ui.drone - INFO - ✅ Drone收到新坐标: 标点4 -> (30.592706, 104.272957)
2025-06-19 18:18:37 - ui.drone - INFO - ✅ Drone收到新坐标: 标点5 -> (30.596843, 104.291840)
2025-06-19 18:18:38 - ui.drone - INFO - ✅ Drone收到新坐标: 标点6 -> (30.597878, 104.327202)
2025-06-19 18:18:44 - ui.drone - INFO - 🧹 Drone收到清除所有坐标
2025-06-19 18:18:44 - ui.drone - INFO - 🧹 已清除所有航点
2025-06-19 18:18:47 - ui.drone - INFO - 🧹 Drone收到清除所有坐标
2025-06-22 17:57:22 - ui.map_page - INFO - 🔗 WebChannel连接已设置
2025-06-22 17:57:22 - __main__ - INFO - 系统就绪
